{
  "0 debug pnpm:scope": {
    "selected": 1
  },
  "1 error pnpm": {
    "code": "ELIFECYCLE",
    "errno": "ENOENT",
    "syscall": "spawn",
    "file": "sh",
    "pkgid": "vue-next-music@0.1.0",
    "stage": "serve",
    "script": "vue-cli-service serve",
    "pkgname": "vue-next-music",
    "err": {
      "name": "pnpm",
      "message": "vue-next-music@0.1.0 serve: `vue-cli-service serve`\nspawn ENOENT",
      "code": "ELIFECYCLE",
      "stack": "pnpm: vue-next-music@0.1.0 serve: `vue-cli-service serve`\nspawn ENOENT\n    at ChildProcess.<anonymous> (/mnt/c/Users/abinea/AppData/Roaming/nvm/v16.12.0/node_modules/pnpm/dist/pnpm.cjs:91956:22)\n    at ChildProcess.emit (node:events:527:28)\n    at maybeClose (node:internal/child_process:1090:16)\n    at Process.ChildProcess._handle.onexit (node:internal/child_process:302:5)"
    }
  },
  "2 warn pnpm:global": " Local package.json exists, but node_modules missing, did you mean to install?"
}